<?xml version="1.0" encoding="UTF-8"?>
<testng-results ignored="2" total="5" passed="3" failed="0" skipped="0">
  <reporter-output>
  </reporter-output>
  <suite started-at="2020-04-22T14:05:46 CEST" name="Command line suite" finished-at="2020-04-22T14:06:02 CEST" duration-ms="15901">
    <groups>
    </groups>
    <test started-at="2020-04-22T14:05:46 CEST" name="Command line test" finished-at="2020-04-22T14:06:02 CEST" duration-ms="15901">
      <class name="DigitalBank.Tests.LoginTest">
        <test-method is-config="true" signature="setDriver()[pri:0, instance:DigitalBank.Tests.LoginTest@ff6077]" started-at="2020-04-22T14:05:46 CEST" name="setDriver" finished-at="2020-04-22T14:05:46 CEST" duration-ms="15" status="PASS">
          <reporter-output>
          </reporter-output>
        </test-method> <!-- setDriver -->
        <test-method signature="logInWithInvalidDataTest()[pri:0, instance:DigitalBank.Tests.LoginTest@ff6077]" started-at="2020-04-22T14:05:46 CEST" name="logInWithInvalidDataTest" finished-at="2020-04-22T14:05:50 CEST" duration-ms="3459" status="PASS">
          <reporter-output>
          </reporter-output>
        </test-method> <!-- logInWithInvalidDataTest -->
        <test-method signature="logInWithValidDataTest()[pri:0, instance:DigitalBank.Tests.LoginTest@ff6077]" started-at="2020-04-22T14:05:50 CEST" name="logInWithValidDataTest" finished-at="2020-04-22T14:05:50 CEST" duration-ms="0" status="PASS">
          <reporter-output>
          </reporter-output>
        </test-method> <!-- logInWithValidDataTest -->
        <test-method is-config="true" signature="tearDown()[pri:0, instance:DigitalBank.Tests.LoginTest@ff6077]" started-at="2020-04-22T14:06:01 CEST" name="tearDown" finished-at="2020-04-22T14:06:02 CEST" duration-ms="1204" status="PASS">
          <reporter-output>
          </reporter-output>
        </test-method> <!-- tearDown -->
      </class> <!-- DigitalBank.Tests.LoginTest -->
      <class name="DigitalBank.Tests.RegistrationTest">
        <test-method signature="registrationTest()[pri:0, instance:DigitalBank.Tests.RegistrationTest@abbc908]" started-at="2020-04-22T14:05:50 CEST" name="registrationTest" finished-at="2020-04-22T14:06:01 CEST" duration-ms="11162" status="PASS">
          <reporter-output>
          </reporter-output>
        </test-method> <!-- registrationTest -->
      </class> <!-- DigitalBank.Tests.RegistrationTest -->
    </test> <!-- Command line test -->
  </suite> <!-- Command line suite -->
</testng-results>
